<?xml version="1.0" encoding="UTF-8"?>
<!-- Generated by org.testng.reporters.JUnitXMLReporter -->
<testsuite ignored="0" hostname="DESKTOP-3LVC8ES" failures="0" tests="2" name="CarInsuranceErrorMessageTest" time="54.971" errors="0" timestamp="2021-07-21T12:36:37 IST">
  <testcase classname="TestCase.CarInsuranceTest" name="CarInsuranceQuoteTest" time="31.308"/>
  <testcase classname="TestCase.CarInsuranceTest" name="CarInsuranceQuoteTest" time="19.556"/>
</testsuite> <!-- CarInsuranceErrorMessageTest -->
