<?xml version="1.0" encoding="UTF-8"?>
<testng-results ignored="0" total="4" passed="4" failed="0" skipped="0">
  <reporter-output>
  </reporter-output>
  <suite started-at="2021-07-21T12:35:10 IST" name="Suite" finished-at="2021-07-21T12:36:55 IST" duration-ms="105576">
    <groups>
      <group name="CarInsurance">
        <method signature="CarInsuranceTest.CarInsuranceQuoteTest(java.util.Hashtable)[pri:0, instance:TestCase.CarInsuranceTest@2bdd8394]" name="CarInsuranceQuoteTest" class="TestCase.CarInsuranceTest"/>
      </group> <!-- CarInsurance -->
      <group name="Regression">
        <method signature="HealthInsuranceTest.HealthInsuranceMenuTest()[pri:0, instance:TestCase.HealthInsuranceTest@2eea88a1]" name="HealthInsuranceMenuTest" class="TestCase.HealthInsuranceTest"/>
      </group> <!-- Regression -->
      <group name="Smoke">
        <method signature="TravelnsuranceTest.InsurancePlanTest(java.util.Hashtable)[pri:0, instance:TestCase.TravelnsuranceTest@700fb871]" name="InsurancePlanTest" class="TestCase.TravelnsuranceTest"/>
      </group> <!-- Smoke -->
      <group name="Default">
        <method signature="CarInsuranceTest.CarInsuranceQuoteTest(java.util.Hashtable)[pri:0, instance:TestCase.CarInsuranceTest@2bdd8394]" name="CarInsuranceQuoteTest" class="TestCase.CarInsuranceTest"/>
      </group> <!-- Default -->
      <group name="HealthInsurance">
        <method signature="HealthInsuranceTest.HealthInsuranceMenuTest()[pri:0, instance:TestCase.HealthInsuranceTest@2eea88a1]" name="HealthInsuranceMenuTest" class="TestCase.HealthInsuranceTest"/>
      </group> <!-- HealthInsurance -->
      <group name="InsurancePlan">
        <method signature="TravelnsuranceTest.InsurancePlanTest(java.util.Hashtable)[pri:0, instance:TestCase.TravelnsuranceTest@700fb871]" name="InsurancePlanTest" class="TestCase.TravelnsuranceTest"/>
      </group> <!-- InsurancePlan -->
    </groups>
    <test started-at="2021-07-21T12:35:10 IST" name="TravelInsuranceDetailsTest" finished-at="2021-07-21T12:35:42 IST" duration-ms="32801">
      <class name="TestCase.TravelnsuranceTest">
        <test-method is-config="true" signature="openBrowser()[pri:0, instance:TestCase.TravelnsuranceTest@700fb871]" started-at="2021-07-21T12:35:10 IST" name="openBrowser" finished-at="2021-07-21T12:35:13 IST" duration-ms="3335" status="PASS">
          <reporter-output>
          </reporter-output>
        </test-method> <!-- openBrowser -->
        <test-method signature="InsurancePlanTest(java.util.Hashtable)[pri:0, instance:TestCase.TravelnsuranceTest@700fb871]" started-at="2021-07-21T12:35:15 IST" name="InsurancePlanTest" data-provider="getInsurancePlanTestData" finished-at="2021-07-21T12:35:41 IST" duration-ms="26645" status="PASS">
          <params>
            <param index="0">
              <value>
                <![CDATA[{Destination=British Indian Ocean Territory, Number Prefix=INDIA (+91), Start Date=20/08/21, Comments=Displayed three lowest international travel insurance plan, Email=arun@gmail.com, Name=Arun, Name Prefix=Mr., Number=8181818181, End Date=30/09/21, Test Ststus=Pass, Age=21,22, Test ID=1}]]>
              </value>
            </param>
          </params>
          <reporter-output>
          </reporter-output>
        </test-method> <!-- InsurancePlanTest -->
        <test-method is-config="true" signature="flushReport()[pri:0, instance:TestCase.TravelnsuranceTest@700fb871]" started-at="2021-07-21T12:35:41 IST" name="flushReport" finished-at="2021-07-21T12:35:42 IST" duration-ms="1200" status="PASS">
          <reporter-output>
          </reporter-output>
        </test-method> <!-- flushReport -->
      </class> <!-- TestCase.TravelnsuranceTest -->
    </test> <!-- TravelInsuranceDetailsTest -->
    <test started-at="2021-07-21T12:35:42 IST" name="CarInsuranceErrorMessageTest" finished-at="2021-07-21T12:36:37 IST" duration-ms="54971">
      <class name="TestCase.CarInsuranceTest">
        <test-method is-config="true" signature="openBrowser()[pri:0, instance:TestCase.CarInsuranceTest@2bdd8394]" started-at="2021-07-21T12:35:42 IST" name="openBrowser" finished-at="2021-07-21T12:35:46 IST" duration-ms="3497" status="PASS">
          <reporter-output>
          </reporter-output>
        </test-method> <!-- openBrowser -->
        <test-method signature="CarInsuranceQuoteTest(java.util.Hashtable)[pri:0, instance:TestCase.CarInsuranceTest@2bdd8394]" started-at="2021-07-21T12:35:46 IST" name="CarInsuranceQuoteTest" data-provider="getCarInsuranceTestData" finished-at="2021-07-21T12:36:17 IST" duration-ms="31308" status="PASS">
          <params>
            <param index="0">
              <value>
                <![CDATA[{Car Brand=HONDA, Username=Arun, Comments=Check the Screenshot, Email=arun@gmail.com, Fuel Type=Petrol, Number=525222, Car Variant=V6 AUTO TRANSMISSION, Test Ststus=Fail, City=TN01-CHENNAI, Reg Year=2015, Test ID=1}]]>
              </value>
            </param>
          </params>
          <reporter-output>
          </reporter-output>
        </test-method> <!-- CarInsuranceQuoteTest -->
        <test-method signature="CarInsuranceQuoteTest(java.util.Hashtable)[pri:0, instance:TestCase.CarInsuranceTest@2bdd8394]" started-at="2021-07-21T12:36:17 IST" name="CarInsuranceQuoteTest" data-provider="getCarInsuranceTestData" finished-at="2021-07-21T12:36:37 IST" duration-ms="19556" status="PASS">
          <params>
            <param index="0">
              <value>
                <![CDATA[{Car Brand=RENAULT, Username=Guna, Comments=Check the Screenshot, Email=gunagmail, Fuel Type=Diesel, Number=8181818181, Car Variant=1.5 PLATINE MONO (1461 cc), Test Ststus=Fail, City=AP01-MANCHERYAL, Reg Year=2000, Test ID=2}]]>
              </value>
            </param>
          </params>
          <reporter-output>
          </reporter-output>
        </test-method> <!-- CarInsuranceQuoteTest -->
        <test-method is-config="true" signature="flushReport()[pri:0, instance:TestCase.CarInsuranceTest@2bdd8394]" started-at="2021-07-21T12:36:37 IST" name="flushReport" finished-at="2021-07-21T12:36:37 IST" duration-ms="474" status="PASS">
          <reporter-output>
          </reporter-output>
        </test-method> <!-- flushReport -->
      </class> <!-- TestCase.CarInsuranceTest -->
    </test> <!-- CarInsuranceErrorMessageTest -->
    <test started-at="2021-07-21T12:36:37 IST" name="HealthInsuranceMenuItemsTest" finished-at="2021-07-21T12:36:55 IST" duration-ms="17770">
      <class name="TestCase.HealthInsuranceTest">
        <test-method is-config="true" signature="openBrowser()[pri:0, instance:TestCase.HealthInsuranceTest@2eea88a1]" started-at="2021-07-21T12:36:37 IST" name="openBrowser" finished-at="2021-07-21T12:36:40 IST" duration-ms="2536" status="PASS">
          <reporter-output>
          </reporter-output>
        </test-method> <!-- openBrowser -->
        <test-method signature="HealthInsuranceMenuTest()[pri:0, instance:TestCase.HealthInsuranceTest@2eea88a1]" started-at="2021-07-21T12:36:40 IST" name="HealthInsuranceMenuTest" finished-at="2021-07-21T12:36:51 IST" duration-ms="10960" status="PASS">
          <reporter-output>
          </reporter-output>
        </test-method> <!-- HealthInsuranceMenuTest -->
        <test-method is-config="true" signature="flushReport()[pri:0, instance:TestCase.HealthInsuranceTest@2eea88a1]" started-at="2021-07-21T12:36:51 IST" name="flushReport" finished-at="2021-07-21T12:36:55 IST" duration-ms="4268" status="PASS">
          <reporter-output>
          </reporter-output>
        </test-method> <!-- flushReport -->
      </class> <!-- TestCase.HealthInsuranceTest -->
    </test> <!-- HealthInsuranceMenuItemsTest -->
  </suite> <!-- Suite -->
</testng-results>
